Copyright 1986-2022 Xilinx, Inc. All Rights Reserved. Copyright 2022-2025 Advanced Micro Devices, Inc. All Rights Reserved.
--------------------------------------------------------------------------------------------------------------------------------------------------------------------
| Tool Version : Vivado v.2025.1 (lin64) Build 6140274 Wed May 21 22:58:25 MDT 2025
| Date         : Sat Mar 28 11:54:55 2026
| Host         : aniruddha-HP-Laptop running 64-bit Ubuntu 24.04.3 LTS
| Command      : report_methodology -file camera_top_methodology_drc_routed.rpt -pb camera_top_methodology_drc_routed.pb -rpx camera_top_methodology_drc_routed.rpx
| Design       : camera_top
| Device       : xc7a100tcsg324-1
| Speed File   : -1
| Design State : Fully Routed
--------------------------------------------------------------------------------------------------------------------------------------------------------------------

Report Methodology

Table of Contents
-----------------
1. REPORT SUMMARY
2. REPORT DETAILS

1. REPORT SUMMARY
-----------------
            Netlist: netlist
          Floorplan: design_1
      Design limits: <entire design considered>
             Max checks: <unlimited>
             Checks found: 40
+-----------+----------+--------------------------------------------------------+--------+
| Rule      | Severity | Description                                            | Checks |
+-----------+----------+--------------------------------------------------------+--------+
| HPDR-1    | Warning  | Port pin direction inconsistency                       | 1      |
| SYNTH-6   | Warning  | Timing of a RAM block might be sub-optimal             | 3      |
| TIMING-10 | Warning  | Missing property on synchronizer                       | 1      |
| TIMING-18 | Warning  | Missing input or output delay                          | 12     |
| TIMING-20 | Warning  | Non-clocked latch                                      | 19     |
| TIMING-28 | Warning  | Auto-derived clock referenced by a timing constraint   | 1      |
| XDCC-1    | Warning  | Scoped Clock constraint overwritten with the same name | 1      |
| XDCC-7    | Warning  | Scoped Clock constraint overwritten on the same source | 1      |
| LATCH-1   | Advisory | Existing latches in the design                         | 1      |
+-----------+----------+--------------------------------------------------------+--------+

2. REPORT DETAILS
-----------------
HPDR-1#1 Warning
Port pin direction inconsistency  
Hierarchical port(pin) sio_d direction INOUT is not consistent with the directions of the cell pins/ports found at that level of the netlist hierarchy. Please review the design and consider changing the port(pin) direction. Both drivers and loads were expected for the net (sio_d) connected to this Port, but both were not found.
Related violations: <none>

SYNTH-6#1 Warning
Timing of a RAM block might be sub-optimal  
The timing for the instance init/init/data_out_reg, implemented as a RAM block, might be sub-optimal as no output register was merged into the block.
Related violations: <none>

SYNTH-6#2 Warning
Timing of a RAM block might be sub-optimal  
The timing for the instance sobel_inst/med_buf1_reg, implemented as a RAM block, might be sub-optimal as no output register was merged into the block.
Related violations: <none>

SYNTH-6#3 Warning
Timing of a RAM block might be sub-optimal  
The timing for the instance sobel_inst/raw_buf1_reg, implemented as a RAM block, might be sub-optimal as no output register was merged into the block.
Related violations: <none>

TIMING-10#1 Warning
Missing property on synchronizer  
One or more logic synchronizer has been detected between 2 clock domains but the synchronizer does not have the property ASYNC_REG defined on one or both registers. It is recommended to run report_cdc for a complete and detailed CDC coverage
Related violations: <none>

TIMING-18#1 Warning
Missing input or output delay  
An input delay is missing on camera_data[0] relative to the rising and/or falling clock edge(s) of pclk.
Related violations: <none>

TIMING-18#2 Warning
Missing input or output delay  
An input delay is missing on camera_data[1] relative to the rising and/or falling clock edge(s) of pclk.
Related violations: <none>

TIMING-18#3 Warning
Missing input or output delay  
An input delay is missing on camera_data[2] relative to the rising and/or falling clock edge(s) of pclk.
Related violations: <none>

TIMING-18#4 Warning
Missing input or output delay  
An input delay is missing on camera_data[3] relative to the rising and/or falling clock edge(s) of pclk.
Related violations: <none>

TIMING-18#5 Warning
Missing input or output delay  
An input delay is missing on camera_data[4] relative to the rising and/or falling clock edge(s) of pclk.
Related violations: <none>

TIMING-18#6 Warning
Missing input or output delay  
An input delay is missing on camera_data[5] relative to the rising and/or falling clock edge(s) of pclk.
Related violations: <none>

TIMING-18#7 Warning
Missing input or output delay  
An input delay is missing on camera_data[6] relative to the rising and/or falling clock edge(s) of pclk.
Related violations: <none>

TIMING-18#8 Warning
Missing input or output delay  
An input delay is missing on camera_data[7] relative to the rising and/or falling clock edge(s) of pclk.
Related violations: <none>

TIMING-18#9 Warning
Missing input or output delay  
An input delay is missing on filter_en relative to the rising and/or falling clock edge(s) of pclk.
Related violations: <none>

TIMING-18#10 Warning
Missing input or output delay  
An input delay is missing on href relative to the rising and/or falling clock edge(s) of pclk.
Related violations: <none>

TIMING-18#11 Warning
Missing input or output delay  
An input delay is missing on rst relative to the rising and/or falling clock edge(s) of pclk.
Related violations: <none>

TIMING-18#12 Warning
Missing input or output delay  
An input delay is missing on vsync relative to the rising and/or falling clock edge(s) of pclk.
Related violations: <none>

TIMING-20#1 Warning
Non-clocked latch  
The latch vga/ram_addr_reg[0] cannot be properly analyzed as its control pin vga/ram_addr_reg[0]/G is not reached by a timing clock
Related violations: <none>

TIMING-20#2 Warning
Non-clocked latch  
The latch vga/ram_addr_reg[10] cannot be properly analyzed as its control pin vga/ram_addr_reg[10]/G is not reached by a timing clock
Related violations: <none>

TIMING-20#3 Warning
Non-clocked latch  
The latch vga/ram_addr_reg[11] cannot be properly analyzed as its control pin vga/ram_addr_reg[11]/G is not reached by a timing clock
Related violations: <none>

TIMING-20#4 Warning
Non-clocked latch  
The latch vga/ram_addr_reg[12] cannot be properly analyzed as its control pin vga/ram_addr_reg[12]/G is not reached by a timing clock
Related violations: <none>

TIMING-20#5 Warning
Non-clocked latch  
The latch vga/ram_addr_reg[13] cannot be properly analyzed as its control pin vga/ram_addr_reg[13]/G is not reached by a timing clock
Related violations: <none>

TIMING-20#6 Warning
Non-clocked latch  
The latch vga/ram_addr_reg[14] cannot be properly analyzed as its control pin vga/ram_addr_reg[14]/G is not reached by a timing clock
Related violations: <none>

TIMING-20#7 Warning
Non-clocked latch  
The latch vga/ram_addr_reg[15] cannot be properly analyzed as its control pin vga/ram_addr_reg[15]/G is not reached by a timing clock
Related violations: <none>

TIMING-20#8 Warning
Non-clocked latch  
The latch vga/ram_addr_reg[16] cannot be properly analyzed as its control pin vga/ram_addr_reg[16]/G is not reached by a timing clock
Related violations: <none>

TIMING-20#9 Warning
Non-clocked latch  
The latch vga/ram_addr_reg[17] cannot be properly analyzed as its control pin vga/ram_addr_reg[17]/G is not reached by a timing clock
Related violations: <none>

TIMING-20#10 Warning
Non-clocked latch  
The latch vga/ram_addr_reg[18] cannot be properly analyzed as its control pin vga/ram_addr_reg[18]/G is not reached by a timing clock
Related violations: <none>

TIMING-20#11 Warning
Non-clocked latch  
The latch vga/ram_addr_reg[1] cannot be properly analyzed as its control pin vga/ram_addr_reg[1]/G is not reached by a timing clock
Related violations: <none>

TIMING-20#12 Warning
Non-clocked latch  
The latch vga/ram_addr_reg[2] cannot be properly analyzed as its control pin vga/ram_addr_reg[2]/G is not reached by a timing clock
Related violations: <none>

TIMING-20#13 Warning
Non-clocked latch  
The latch vga/ram_addr_reg[3] cannot be properly analyzed as its control pin vga/ram_addr_reg[3]/G is not reached by a timing clock
Related violations: <none>

TIMING-20#14 Warning
Non-clocked latch  
The latch vga/ram_addr_reg[4] cannot be properly analyzed as its control pin vga/ram_addr_reg[4]/G is not reached by a timing clock
Related violations: <none>

TIMING-20#15 Warning
Non-clocked latch  
The latch vga/ram_addr_reg[5] cannot be properly analyzed as its control pin vga/ram_addr_reg[5]/G is not reached by a timing clock
Related violations: <none>

TIMING-20#16 Warning
Non-clocked latch  
The latch vga/ram_addr_reg[6] cannot be properly analyzed as its control pin vga/ram_addr_reg[6]/G is not reached by a timing clock
Related violations: <none>

TIMING-20#17 Warning
Non-clocked latch  
The latch vga/ram_addr_reg[7] cannot be properly analyzed as its control pin vga/ram_addr_reg[7]/G is not reached by a timing clock
Related violations: <none>

TIMING-20#18 Warning
Non-clocked latch  
The latch vga/ram_addr_reg[8] cannot be properly analyzed as its control pin vga/ram_addr_reg[8]/G is not reached by a timing clock
Related violations: <none>

TIMING-20#19 Warning
Non-clocked latch  
The latch vga/ram_addr_reg[9] cannot be properly analyzed as its control pin vga/ram_addr_reg[9]/G is not reached by a timing clock
Related violations: <none>

TIMING-28#1 Warning
Auto-derived clock referenced by a timing constraint  
The auto-derived clock clk_out1_clk_wiz_0 is referenced by name inside timing constraint (see constraint position 5 in the Timing Constraint window in Vivado IDE). It is recommended to reference an auto-derived clock by the pin name attached to the clock: get_clocks -of_objects [get_pins div/inst/plle2_adv_inst/CLKOUT0]
Related violations: <none>

XDCC-1#1 Warning
Scoped Clock constraint overwritten with the same name  
A new clock constraint create_clock overrides a previous scoped clock constraint with the same name. It is not recommended to override a scoped (typically an IP) clock constraint and could result in unexpected behaviors.
New: create_clock -period 10.000 -name clk -waveform {0.000 5.000} [get_ports clk] (Source: /home/animandal/vivado_projects/ov2640_nexys/ov2640_nexys.srcs/constrs_1/new/ov2640_nexys.xdc (Line: 89))
Previous: create_clock -period 10.000 [get_ports clk] (Source: /home/animandal/vivado_projects/ov2640_nexys/ov2640_nexys.gen/sources_1/ip/clk_wiz_0/clk_wiz_0.xdc (Line: 53))
Related violations: <none>

XDCC-7#1 Warning
Scoped Clock constraint overwritten on the same source  
A new clock constraint create_clock overrides a previous scoped clock constraint defined on the same source. It is not recommended to override a scoped (typically an IP) clock constraint and could result in unexpected behaviors.
New: create_clock -period 10.000 -name clk -waveform {0.000 5.000} [get_ports clk] (Source: /home/animandal/vivado_projects/ov2640_nexys/ov2640_nexys.srcs/constrs_1/new/ov2640_nexys.xdc (Line: 89))
Previous: create_clock -period 10.000 [get_ports clk] (Source: /home/animandal/vivado_projects/ov2640_nexys/ov2640_nexys.gen/sources_1/ip/clk_wiz_0/clk_wiz_0.xdc (Line: 53))
Related violations: <none>

LATCH-1#1 Advisory
Existing latches in the design  
There are 19 latches found in the design. Inferred latches are often the result of HDL coding mistakes, such as incomplete if or case statements.
Related violations: <none>


